{
  "RSpec": {
    "coverage": {
      "/home/sjmillio/Desktop/week3again2/app/models/user.rb": [
        1,
        null,
        null,
        null,
        1,
        null,
        null,
        null,
        null,
        null
      ],
      "/home/sjmillio/Desktop/week3again2/app/models/application_record.rb": [
        1,
        null,
        1,
        null
      ],
      "/home/sjmillio/Desktop/week3again2/app/helpers/application_helper.rb": [
        1,
        null
      ],
      "/home/sjmillio/Desktop/week3again2/app/helpers/events_helper.rb": [
        1,
        null
      ],
      "/home/sjmillio/Desktop/week3again2/app/controllers/users_controller.rb": [
        0,
        0,
        null,
        0,
        0,
        0,
        null,
        0,
        0,
        0,
        null,
        0,
        null,
        0,
        0,
        0,
        0
      ],
      "/home/sjmillio/Desktop/week3again2/app/controllers/events_controller.rb": [
        0,
        0,
        null,
        null,
        null,
        0,
        0,
        0,
        null,
        null,
        null,
        0,
        0,
        null,
        null,
        0,
        0,
        0,
        null,
        null,
        0,
        0,
        null,
        null,
        null,
        0,
        0,
        null,
        0,
        0,
        0,
        0,
        0,
        0,
        0,
        0,
        0,
        0,
        null,
        null,
        null,
        0,
        0,
        0,
        0,
        0,
        0,
        0,
        0,
        0,
        0,
        0,
        null,
        null,
        null,
        0,
        0,
        0,
        0,
        0,
        0,
        0,
        null,
        0,
        null,
        0,
        0,
        0,
        null,
        null,
        0,
        0,
        0,
        0
      ],
      "/home/sjmillio/Desktop/week3again2/app/controllers/application_controller.rb": [
        0,
        null,
        0
      ],
      "/home/sjmillio/Desktop/week3again2/app/channels/application_cable/connection.rb": [
        0,
        0,
        0,
        0
      ],
      "/home/sjmillio/Desktop/week3again2/app/channels/application_cable/channel.rb": [
        0,
        0,
        0,
        0
      ],
      "/home/sjmillio/Desktop/week3again2/app/mailers/application_mailer.rb": [
        0,
        0,
        0,
        0
      ],
      "/home/sjmillio/Desktop/week3again2/app/models/category.rb": [
        0,
        null,
        0
      ],
      "/home/sjmillio/Desktop/week3again2/app/models/event.rb": [
        0,
        null,
        0
      ],
      "/home/sjmillio/Desktop/week3again2/app/jobs/application_job.rb": [
        0,
        0
      ]
    },
    "timestamp": 1537090040
  }
}
